app/manifest-merger-armv7-release-report.txt
-- Merging decision tree log ---
manifest
ADDED from AndroidManifest.xml:2:1
	package
		ADDED from AndroidManifest.xml:3:5
		INJECTED from AndroidManifest.xml:0:0
		INJECTED from AndroidManifest.xml:0:0
	android:versionName
		INJECTED from AndroidManifest.xml:0:0
		INJECTED from AndroidManifest.xml:0:0
	xmlns:tools
		ADDED from AndroidManifest.xml:5:5
	xmlns:android
		ADDED from AndroidManifest.xml:4:5
	android:versionCode
		INJECTED from AndroidManifest.xml:0:0
		INJECTED from AndroidManifest.xml:0:0
	android:installLocation
		ADDED from AndroidManifest.xml:6:5
uses-permission#android.permission.MOUNT_UNMOUNT_FILESYSTEMS
ADDED from AndroidManifest.xml:8:5
MERGED from Douxing:QRCodeScan:unspecified:14:5
	android:name
		ADDED from AndroidManifest.xml:8:22
uses-permission#android.permission.GET_ACCOUNTS
ADDED from AndroidManifest.xml:10:5
	android:name
		ADDED from AndroidManifest.xml:10:22
uses-permission#android.permission.USE_CREDENTIALS
ADDED from AndroidManifest.xml:11:5
	android:name
		ADDED from AndroidManifest.xml:11:22
uses-permission#android.permission.MANAGE_ACCOUNTS
ADDED from AndroidManifest.xml:12:5
	android:name
		ADDED from AndroidManifest.xml:12:22
uses-permission#android.permission.AUTHENTICATE_ACCOUNTS
ADDED from AndroidManifest.xml:13:5
	android:name
		ADDED from AndroidManifest.xml:13:22
uses-permission#com.android.launcher.permission.READ_SETTINGS
ADDED from AndroidManifest.xml:14:5
	android:name
		ADDED from AndroidManifest.xml:14:22
uses-permission#android.permission.ACCESS_NETWORK_STATE
ADDED from AndroidManifest.xml:16:5
	android:name
		ADDED from AndroidManifest.xml:16:22
uses-permission#android.permission.READ_PHONE_STATE
ADDED from AndroidManifest.xml:18:5
	android:name
		ADDED from AndroidManifest.xml:18:22
uses-permission#android.permission.CHANGE_CONFIGURATION
ADDED from AndroidManifest.xml:19:5
	android:name
		ADDED from AndroidManifest.xml:19:22
uses-permission#android.permission.CALL_PHONE
ADDED from AndroidManifest.xml:20:5
	android:name
		ADDED from AndroidManifest.xml:20:22
uses-permission#android.permission.WRITE_EXTERNAL_STORAGE
ADDED from AndroidManifest.xml:21:5
MERGED from Douxing:QRCodeScan:unspecified:15:5
	android:name
		ADDED from AndroidManifest.xml:21:22
uses-permission#android.permission.GET_PACKAGE_SIZE
ADDED from AndroidManifest.xml:26:5
	android:name
		ADDED from AndroidManifest.xml:26:22
uses-permission#android.permission.CLEAR_APP_CACHE
ADDED from AndroidManifest.xml:28:5
	android:name
		ADDED from AndroidManifest.xml:28:22
permission#com.badou.mworking.permission.JPUSH_MESSAGE
ADDED from AndroidManifest.xml:31:5
	android:protectionLevel
		ADDED from AndroidManifest.xml:33:9
	android:name
		ADDED from AndroidManifest.xml:32:9
uses-permission#com.badou.mworking.permission.JPUSH_MESSAGE
ADDED from AndroidManifest.xml:35:5
	android:name
		ADDED from AndroidManifest.xml:35:22
uses-permission#android.permission.RECEIVE_USER_PRESENT
ADDED from AndroidManifest.xml:36:5
	android:name
		ADDED from AndroidManifest.xml:36:22
uses-permission#android.permission.INTERNET
ADDED from AndroidManifest.xml:37:5
	android:name
		ADDED from AndroidManifest.xml:37:22
uses-permission#android.permission.CAMERA
ADDED from AndroidManifest.xml:38:5
MERGED from Douxing:QRCodeScan:unspecified:11:5
	android:name
		ADDED from AndroidManifest.xml:38:22
uses-permission#android.permission.WAKE_LOCK
ADDED from AndroidManifest.xml:39:5
	android:name
		ADDED from AndroidManifest.xml:39:22
uses-permission#android.permission.READ_EXTERNAL_STORAGE
ADDED from AndroidManifest.xml:40:5
	android:name
		ADDED from AndroidManifest.xml:40:22
uses-permission#android.permission.WRITE_SETTINGS
ADDED from AndroidManifest.xml:41:5
	android:name
		ADDED from AndroidManifest.xml:41:22
uses-permission#android.permission.VIBRATE
ADDED from AndroidManifest.xml:42:5
MERGED from Douxing:QRCodeScan:unspecified:13:5
	android:name
		ADDED from AndroidManifest.xml:42:22
uses-permission#android.permission.SYSTEM_ALERT_WINDOW
ADDED from AndroidManifest.xml:43:5
	android:name
		ADDED from AndroidManifest.xml:43:22
uses-permission#android.permission.ACCESS_COARSE_LOCATION
ADDED from AndroidManifest.xml:45:5
	android:name
		ADDED from AndroidManifest.xml:45:22
uses-permission#android.permission.ACCESS_COARSE_UPDATES
ADDED from AndroidManifest.xml:46:5
	android:name
		ADDED from AndroidManifest.xml:46:22
uses-permission#android.permission.ACCESS_WIFI_STATE
ADDED from AndroidManifest.xml:47:5
	android:name
		ADDED from AndroidManifest.xml:47:22
uses-permission#android.permission.CHANGE_WIFI_STATE
ADDED from AndroidManifest.xml:48:5
	android:name
		ADDED from AndroidManifest.xml:48:22
uses-permission#android.permission.ACCESS_FINE_LOCATION
ADDED from AndroidManifest.xml:49:5
	android:name
		ADDED from AndroidManifest.xml:49:22
uses-permission#android.permission.ACCESS_LOCATION_EXTRA_COMMANDS
ADDED from AndroidManifest.xml:50:5
	android:name
		ADDED from AndroidManifest.xml:50:22
uses-permission#android.permission.CHANGE_NETWORK_STATE
ADDED from AndroidManifest.xml:51:5
	android:name
		ADDED from AndroidManifest.xml:51:22
uses-permission#android.permission.READ_CONTACTS
ADDED from AndroidManifest.xml:52:5
	android:name
		ADDED from AndroidManifest.xml:52:22
uses-permission#android.permission.RECORD_AUDIO
ADDED from AndroidManifest.xml:53:5
	android:name
		ADDED from AndroidManifest.xml:53:22
uses-permission#android.permission.GET_TASKS
ADDED from AndroidManifest.xml:55:5
	android:name
		ADDED from AndroidManifest.xml:55:22
uses-permission#android.permission.MODIFY_AUDIO_SETTINGS
ADDED from AndroidManifest.xml:56:5
	android:name
		ADDED from AndroidManifest.xml:56:22
uses-permission#android.permission.INSTALL_PACKAGES
ADDED from AndroidManifest.xml:58:5
	tools:ignore
		ADDED from AndroidManifest.xml:60:9
	android:name
		ADDED from AndroidManifest.xml:59:9
application
ADDED from AndroidManifest.xml:62:5
MERGED from com.android.support:support-v4:23.0.1:22:5
MERGED from com.android.support:appcompat-v7:22.2.1:22:5
MERGED from com.android.support:support-v4:23.0.1:22:5
MERGED from me.imid.swipebacklayout.lib:SwipeBackLayout:1.0.0:11:5
MERGED from com.android.support:support-v4:23.0.1:22:5
MERGED from Douxing:PseudoMaterialHeader:unspecified:11:5
MERGED from Douxing:QRCodeScan:unspecified:20:5
MERGED from com.github.chrisbanes.photoview:library:1.2.3:4:5
MERGED from com.android.support:support-v4:23.0.1:22:5
MERGED from com.android.support:support-v4:23.0.1:22:5
MERGED from com.android.support:support-v4:23.0.1:22:5
MERGED from com.bignerdranch.android:expandablerecyclerview:1.0.3:11:5
MERGED from com.android.support:support-v4:23.0.1:22:5
MERGED from Douxing:CircleProgressView:unspecified:11:5
MERGED from Douxing:Ultra-Pull-To-Refresh-With-Load-More:unspecified:11:5
	android:label
		ADDED from AndroidManifest.xml:66:9
	android:hardwareAccelerated
		ADDED from com.github.chrisbanes.photoview:library:1.2.3:4:45
	android:allowBackup
		ADDED from AndroidManifest.xml:64:9
	android:icon
		ADDED from AndroidManifest.xml:65:9
	android:theme
		ADDED from AndroidManifest.xml:67:9
	android:name
		ADDED from AndroidManifest.xml:63:9
meta-data#com.baidu.lbsapi.API_KEY
ADDED from AndroidManifest.xml:69:9
	android:value
		ADDED from AndroidManifest.xml:71:13
	android:name
		ADDED from AndroidManifest.xml:70:13
meta-data#UMENG_APPKEY
ADDED from AndroidManifest.xml:73:9
	android:value
		ADDED from AndroidManifest.xml:75:13
	android:name
		ADDED from AndroidManifest.xml:74:13
meta-data#UMENG_CHANNEL
ADDED from AndroidManifest.xml:76:9
	android:value
		ADDED from AndroidManifest.xml:78:13
	android:name
		ADDED from AndroidManifest.xml:77:13
meta-data#EASEMOB_APPKEY
ADDED from AndroidManifest.xml:80:9
	android:value
		ADDED from AndroidManifest.xml:82:13
	android:name
		ADDED from AndroidManifest.xml:81:13
service#com.easemob.chat.EMChatService
ADDED from AndroidManifest.xml:84:9
	android:name
		ADDED from AndroidManifest.xml:84:18
activity#com.badou.mworking.IntroductionActivity
ADDED from AndroidManifest.xml:86:9
	android:screenOrientation
		ADDED from AndroidManifest.xml:88:13
	android:theme
		ADDED from AndroidManifest.xml:89:13
	android:name
		ADDED from AndroidManifest.xml:87:13
activity#com.badou.mworking.SplashActivity
ADDED from AndroidManifest.xml:90:9
	android:screenOrientation
		ADDED from AndroidManifest.xml:92:13
	android:theme
		ADDED from AndroidManifest.xml:93:13
	android:name
		ADDED from AndroidManifest.xml:91:13
intent-filter#android.intent.action.MAIN+android.intent.category.LAUNCHER
ADDED from AndroidManifest.xml:94:13
action#android.intent.action.MAIN
ADDED from AndroidManifest.xml:95:17
	android:name
		ADDED from AndroidManifest.xml:95:25
category#android.intent.category.LAUNCHER
ADDED from AndroidManifest.xml:97:17
	android:name
		ADDED from AndroidManifest.xml:97:27
activity#com.badou.mworking.AccountManageActivity
ADDED from AndroidManifest.xml:100:9
	android:screenOrientation
		ADDED from AndroidManifest.xml:102:13
	android:name
		ADDED from AndroidManifest.xml:101:13
activity#com.badou.mworking.MainGridActivity
ADDED from AndroidManifest.xml:103:9
	android:screenOrientation
		ADDED from AndroidManifest.xml:105:13
	android:theme
		ADDED from AndroidManifest.xml:106:13
	android:name
		ADDED from AndroidManifest.xml:104:13
activity#com.badou.mworking.ExperienceBusinessActivity
ADDED from AndroidManifest.xml:107:9
	android:screenOrientation
		ADDED from AndroidManifest.xml:109:13
	android:name
		ADDED from AndroidManifest.xml:108:13
activity#com.badou.mworking.ExperienceInformationActivity
ADDED from AndroidManifest.xml:110:9
	android:screenOrientation
		ADDED from AndroidManifest.xml:113:13
	android:windowSoftInputMode
		ADDED from AndroidManifest.xml:112:13
	android:name
		ADDED from AndroidManifest.xml:111:13
activity#com.badou.mworking.VideoTakeActivity
ADDED from AndroidManifest.xml:114:9
	android:screenOrientation
		ADDED from AndroidManifest.xml:116:13
	android:name
		ADDED from AndroidManifest.xml:115:13
activity#com.badou.mworking.LoginActivity
ADDED from AndroidManifest.xml:117:9
	android:screenOrientation
		ADDED from AndroidManifest.xml:119:13
	android:windowSoftInputMode
		ADDED from AndroidManifest.xml:121:13
	android:theme
		ADDED from AndroidManifest.xml:120:13
	android:name
		ADDED from AndroidManifest.xml:118:13
activity#com.badou.mworking.AboutUsActivity
ADDED from AndroidManifest.xml:122:9
	android:screenOrientation
		ADDED from AndroidManifest.xml:124:13
	android:name
		ADDED from AndroidManifest.xml:123:13
activity#com.badou.mworking.AuditListActivity
ADDED from AndroidManifest.xml:125:9
	android:screenOrientation
		ADDED from AndroidManifest.xml:127:13
	android:name
		ADDED from AndroidManifest.xml:126:13
activity#com.badou.mworking.MessageCenterActivity
ADDED from AndroidManifest.xml:128:9
	android:screenOrientation
		ADDED from AndroidManifest.xml:130:13
	android:name
		ADDED from AndroidManifest.xml:129:13
activity#com.badou.mworking.CategoryListActivity
ADDED from AndroidManifest.xml:131:9
	android:screenOrientation
		ADDED from AndroidManifest.xml:133:13
	android:name
		ADDED from AndroidManifest.xml:132:13
activity#com.badou.mworking.ChatterSubmitActivity
ADDED from AndroidManifest.xml:134:9
	android:screenOrientation
		ADDED from AndroidManifest.xml:137:13
	android:launchMode
		ADDED from AndroidManifest.xml:136:13
	android:windowSoftInputMode
		ADDED from AndroidManifest.xml:138:13
	android:name
		ADDED from AndroidManifest.xml:135:13
activity#com.badou.mworking.ChatterTopicActivity
ADDED from AndroidManifest.xml:139:9
	android:screenOrientation
		ADDED from AndroidManifest.xml:141:13
	android:name
		ADDED from AndroidManifest.xml:140:13
activity#com.badou.mworking.BackWebActivity
ADDED from AndroidManifest.xml:142:9
	android:screenOrientation
		ADDED from AndroidManifest.xml:144:13
	android:name
		ADDED from AndroidManifest.xml:143:13
activity#com.badou.mworking.AskActivity
ADDED from AndroidManifest.xml:145:9
	android:screenOrientation
		ADDED from AndroidManifest.xml:147:13
	android:name
		ADDED from AndroidManifest.xml:146:13
activity#com.badou.mworking.EntryActivity
ADDED from AndroidManifest.xml:149:9
	android:screenOrientation
		ADDED from AndroidManifest.xml:151:13
	android:name
		ADDED from AndroidManifest.xml:150:13
activity#com.badou.mworking.PlanActivity
ADDED from AndroidManifest.xml:153:9
	android:screenOrientation
		ADDED from AndroidManifest.xml:155:13
	android:name
		ADDED from AndroidManifest.xml:154:13
activity#com.badou.mworking.PlanIntroductionActivity
ADDED from AndroidManifest.xml:156:9
	android:screenOrientation
		ADDED from AndroidManifest.xml:158:13
	android:name
		ADDED from AndroidManifest.xml:157:13
activity#com.badou.mworking.AskSubmitActivity
ADDED from AndroidManifest.xml:160:9
	android:screenOrientation
		ADDED from AndroidManifest.xml:162:13
	android:name
		ADDED from AndroidManifest.xml:161:13
activity#com.badou.mworking.AskDetailActivity
ADDED from AndroidManifest.xml:163:9
	android:screenOrientation
		ADDED from AndroidManifest.xml:165:13
	android:name
		ADDED from AndroidManifest.xml:164:13
activity#com.badou.mworking.AskAnswerSubmitActivity
ADDED from AndroidManifest.xml:166:9
	android:screenOrientation
		ADDED from AndroidManifest.xml:168:13
	android:name
		ADDED from AndroidManifest.xml:167:13
activity#com.badou.mworking.TrainBaseActivity
ADDED from AndroidManifest.xml:169:9
	android:screenOrientation
		ADDED from AndroidManifest.xml:171:13
	android:name
		ADDED from AndroidManifest.xml:170:13
activity#com.badou.mworking.NoticeBaseActivity
ADDED from AndroidManifest.xml:172:9
	android:screenOrientation
		ADDED from AndroidManifest.xml:174:13
	android:name
		ADDED from AndroidManifest.xml:173:13
activity#com.badou.mworking.ExamBaseActivity
ADDED from AndroidManifest.xml:175:9
	android:screenOrientation
		ADDED from AndroidManifest.xml:177:13
	android:name
		ADDED from AndroidManifest.xml:176:13
activity#com.badou.mworking.SurveyBaseActivity
ADDED from AndroidManifest.xml:178:9
	android:screenOrientation
		ADDED from AndroidManifest.xml:180:13
	android:name
		ADDED from AndroidManifest.xml:179:13
activity#com.badou.mworking.ClearCacheActivity
ADDED from AndroidManifest.xml:181:9
	android:screenOrientation
		ADDED from AndroidManifest.xml:183:13
	android:name
		ADDED from AndroidManifest.xml:182:13
activity#com.badou.mworking.ChatterActivity
ADDED from AndroidManifest.xml:184:9
	android:screenOrientation
		ADDED from AndroidManifest.xml:186:13
	android:name
		ADDED from AndroidManifest.xml:185:13
activity#com.badou.mworking.StoreActivity
ADDED from AndroidManifest.xml:187:9
	android:screenOrientation
		ADDED from AndroidManifest.xml:189:13
	android:name
		ADDED from AndroidManifest.xml:188:13
activity#com.zbar.qrscan.CaptureActivity
ADDED from AndroidManifest.xml:190:9
	android:name
		ADDED from AndroidManifest.xml:190:19
activity#com.badou.mworking.CommentActivity
ADDED from AndroidManifest.xml:191:9
	android:screenOrientation
		ADDED from AndroidManifest.xml:193:13
	android:windowSoftInputMode
		ADDED from AndroidManifest.xml:194:13
	android:name
		ADDED from AndroidManifest.xml:192:13
activity#com.badou.mworking.MultiPhotoActivity
ADDED from AndroidManifest.xml:195:9
	android:screenOrientation
		ADDED from AndroidManifest.xml:197:13
	android:name
		ADDED from AndroidManifest.xml:196:13
activity#com.badou.mworking.UserCenterActivity
ADDED from AndroidManifest.xml:198:9
	android:screenOrientation
		ADDED from AndroidManifest.xml:201:13
	android:configChanges
		ADDED from AndroidManifest.xml:200:13
	android:name
		ADDED from AndroidManifest.xml:199:13
activity#com.badou.mworking.TaskSignActivity
ADDED from AndroidManifest.xml:202:9
	android:screenOrientation
		ADDED from AndroidManifest.xml:204:13
	android:name
		ADDED from AndroidManifest.xml:203:13
activity#com.badou.mworking.ChatterDetailActivity
ADDED from AndroidManifest.xml:205:9
	android:screenOrientation
		ADDED from AndroidManifest.xml:207:13
	android:windowSoftInputMode
		ADDED from AndroidManifest.xml:208:13
	android:name
		ADDED from AndroidManifest.xml:206:13
activity#com.badou.mworking.ChatterUserActivity
ADDED from AndroidManifest.xml:209:9
	android:screenOrientation
		ADDED from AndroidManifest.xml:211:13
	android:name
		ADDED from AndroidManifest.xml:210:13
activity#com.badou.mworking.ForgetPasswordPhoneActivity
ADDED from AndroidManifest.xml:212:9
	android:screenOrientation
		ADDED from AndroidManifest.xml:214:13
	android:name
		ADDED from AndroidManifest.xml:213:13
activity#com.badou.mworking.VideoPlayActivity
ADDED from AndroidManifest.xml:215:9
	android:screenOrientation
		ADDED from AndroidManifest.xml:217:13
	android:name
		ADDED from AndroidManifest.xml:216:13
activity#com.badou.mworking.ForgetPasswordVerificationActivity
ADDED from AndroidManifest.xml:218:9
	android:screenOrientation
		ADDED from AndroidManifest.xml:220:13
	android:name
		ADDED from AndroidManifest.xml:219:13
activity#com.badou.mworking.MyStudyActivity
ADDED from AndroidManifest.xml:221:9
	android:screenOrientation
		ADDED from AndroidManifest.xml:223:13
	android:name
		ADDED from AndroidManifest.xml:222:13
activity#com.badou.mworking.MyExamActivity
ADDED from AndroidManifest.xml:224:9
	android:screenOrientation
		ADDED from AndroidManifest.xml:226:13
	android:name
		ADDED from AndroidManifest.xml:225:13
activity#com.badou.mworking.TipsWebView
ADDED from AndroidManifest.xml:227:9
	android:screenOrientation
		ADDED from AndroidManifest.xml:230:13
	android:name
		ADDED from AndroidManifest.xml:228:13
activity#cn.jpush.android.ui.PushActivity
ADDED from AndroidManifest.xml:235:9
	android:configChanges
		ADDED from AndroidManifest.xml:237:13
	android:name
		ADDED from AndroidManifest.xml:236:13
intent-filter#android.intent.category.DEFAULT+cn.jpush.android.ui.PushActivity+com.badou.mworking
ADDED from AndroidManifest.xml:238:13
action#cn.jpush.android.ui.PushActivity
ADDED from AndroidManifest.xml:239:17
	android:name
		ADDED from AndroidManifest.xml:239:25
category#android.intent.category.DEFAULT
ADDED from AndroidManifest.xml:241:17
	android:name
		ADDED from AndroidManifest.xml:241:27
category#com.badou.mworking
ADDED from AndroidManifest.xml:242:17
	android:name
		ADDED from AndroidManifest.xml:242:27
service#cn.jpush.android.service.DownloadService
ADDED from AndroidManifest.xml:246:9
	android:enabled
		ADDED from AndroidManifest.xml:248:13
	android:exported
		ADDED from AndroidManifest.xml:249:13
	android:name
		ADDED from AndroidManifest.xml:247:13
service#com.baidu.location.f
ADDED from AndroidManifest.xml:251:9
	android:enabled
		ADDED from AndroidManifest.xml:253:13
	android:process
		ADDED from AndroidManifest.xml:254:13
	android:name
		ADDED from AndroidManifest.xml:252:13
intent-filter#com.baidu.location.service_v2.2
ADDED from AndroidManifest.xml:255:13
action#com.baidu.location.service_v2.2
ADDED from AndroidManifest.xml:256:17
	android:name
		ADDED from AndroidManifest.xml:256:25
service#cn.jpush.android.service.PushService
ADDED from AndroidManifest.xml:261:9
	android:enabled
		ADDED from AndroidManifest.xml:263:13
	android:exported
		ADDED from AndroidManifest.xml:264:13
	android:name
		ADDED from AndroidManifest.xml:262:13
intent-filter#cn.jpush.android.intent.PUSH_TIME+cn.jpush.android.intent.PushService+cn.jpush.android.intent.REGISTER+cn.jpush.android.intent.REPORT
ADDED from AndroidManifest.xml:265:13
action#cn.jpush.android.intent.REGISTER
ADDED from AndroidManifest.xml:266:17
	android:name
		ADDED from AndroidManifest.xml:266:25
action#cn.jpush.android.intent.REPORT
ADDED from AndroidManifest.xml:267:17
	android:name
		ADDED from AndroidManifest.xml:267:25
action#cn.jpush.android.intent.PushService
ADDED from AndroidManifest.xml:268:17
	android:name
		ADDED from AndroidManifest.xml:268:25
action#cn.jpush.android.intent.PUSH_TIME
ADDED from AndroidManifest.xml:269:17
	android:name
		ADDED from AndroidManifest.xml:269:25
receiver#cn.jpush.android.service.PushReceiver
ADDED from AndroidManifest.xml:274:9
	android:enabled
		ADDED from AndroidManifest.xml:276:13
	android:name
		ADDED from AndroidManifest.xml:275:13
intent-filter#cn.jpush.android.intent.NOTIFICATION_RECEIVED_PROXY+com.badou.mworking
ADDED from AndroidManifest.xml:277:13
	android:priority
		ADDED from AndroidManifest.xml:277:28
action#cn.jpush.android.intent.NOTIFICATION_RECEIVED_PROXY
ADDED from AndroidManifest.xml:278:17
	android:name
		ADDED from AndroidManifest.xml:278:25
intent-filter#android.intent.action.USER_PRESENT+android.net.conn.CONNECTIVITY_CHANGE
ADDED from AndroidManifest.xml:282:13
action#android.intent.action.USER_PRESENT
ADDED from AndroidManifest.xml:283:17
	android:name
		ADDED from AndroidManifest.xml:283:25
action#android.net.conn.CONNECTIVITY_CHANGE
ADDED from AndroidManifest.xml:284:17
	android:name
		ADDED from AndroidManifest.xml:284:25
intent-filter#android.intent.action.PACKAGE_ADDED+android.intent.action.PACKAGE_REMOVED
ADDED from AndroidManifest.xml:287:13
action#android.intent.action.PACKAGE_ADDED
ADDED from AndroidManifest.xml:288:17
	android:name
		ADDED from AndroidManifest.xml:288:25
action#android.intent.action.PACKAGE_REMOVED
ADDED from AndroidManifest.xml:289:17
	android:name
		ADDED from AndroidManifest.xml:289:25
data
ADDED from AndroidManifest.xml:291:17
	android:scheme
		ADDED from AndroidManifest.xml:291:23
receiver#com.badou.mworking.receiver.AlarmReceiver
ADDED from AndroidManifest.xml:295:9
	android:process
		ADDED from AndroidManifest.xml:297:13
	android:name
		ADDED from AndroidManifest.xml:296:13
intent-filter#alarmreceiver
ADDED from AndroidManifest.xml:298:13
action#alarmreceiver
ADDED from AndroidManifest.xml:299:17
	android:name
		ADDED from AndroidManifest.xml:299:25
receiver#cn.jpush.android.service.AlarmReceiver
ADDED from AndroidManifest.xml:304:9
	android:name
		ADDED from AndroidManifest.xml:304:19
receiver#com.badou.mworking.receiver.JPushReceiver
ADDED from AndroidManifest.xml:307:9
	android:enabled
		ADDED from AndroidManifest.xml:309:13
	android:name
		ADDED from AndroidManifest.xml:308:13
intent-filter#cn.jpush.android.intent.ACTION_RICHPUSH_CALLBACK+cn.jpush.android.intent.CONNECTION+cn.jpush.android.intent.MESSAGE_RECEIVED+cn.jpush.android.intent.NOTIFICATION_OPENED+cn.jpush.android.intent.NOTIFICATION_RECEIVED+cn.jpush.android.intent.REGISTRATION+cn.jpush.android.intent.UNREGISTRATION+com.badou.mworking
ADDED from AndroidManifest.xml:310:13
action#cn.jpush.android.intent.REGISTRATION
ADDED from AndroidManifest.xml:311:17
	android:name
		ADDED from AndroidManifest.xml:311:25
action#cn.jpush.android.intent.UNREGISTRATION
ADDED from AndroidManifest.xml:313:17
	android:name
		ADDED from AndroidManifest.xml:313:25
action#cn.jpush.android.intent.MESSAGE_RECEIVED
ADDED from AndroidManifest.xml:314:17
	android:name
		ADDED from AndroidManifest.xml:314:25
action#cn.jpush.android.intent.NOTIFICATION_RECEIVED
ADDED from AndroidManifest.xml:316:17
	android:name
		ADDED from AndroidManifest.xml:316:25
action#cn.jpush.android.intent.NOTIFICATION_OPENED
ADDED from AndroidManifest.xml:318:17
	android:name
		ADDED from AndroidManifest.xml:318:25
action#cn.jpush.android.intent.ACTION_RICHPUSH_CALLBACK
ADDED from AndroidManifest.xml:320:17
	android:name
		ADDED from AndroidManifest.xml:320:25
action#cn.jpush.android.intent.CONNECTION
ADDED from AndroidManifest.xml:322:17
	android:name
		ADDED from AndroidManifest.xml:322:25
meta-data#JPUSH_CHANNEL
ADDED from AndroidManifest.xml:329:9
	android:value
		ADDED from AndroidManifest.xml:331:13
	android:name
		ADDED from AndroidManifest.xml:330:13
meta-data#JPUSH_APPKEY
ADDED from AndroidManifest.xml:332:9
	android:value
		ADDED from AndroidManifest.xml:334:13
	android:name
		ADDED from AndroidManifest.xml:333:13
activity#com.easemob.chatuidemo.activity.MainActivity
ADDED from AndroidManifest.xml:338:9
	android:screenOrientation
		ADDED from AndroidManifest.xml:341:13
	android:launchMode
		ADDED from AndroidManifest.xml:340:13
	android:windowSoftInputMode
		ADDED from AndroidManifest.xml:342:13
	android:name
		ADDED from AndroidManifest.xml:339:13
activity#com.easemob.chatuidemo.activity.ChatActivity
ADDED from AndroidManifest.xml:344:9
	android:screenOrientation
		ADDED from AndroidManifest.xml:347:13
	android:launchMode
		ADDED from AndroidManifest.xml:346:13
	android:windowSoftInputMode
		ADDED from AndroidManifest.xml:348:13
	android:name
		ADDED from AndroidManifest.xml:345:13
activity#com.badou.mworking.ForgetPasswordActivity
ADDED from AndroidManifest.xml:349:9
	android:screenOrientation
		ADDED from AndroidManifest.xml:351:13
	android:name
		ADDED from AndroidManifest.xml:350:13
activity#com.easemob.chatuidemo.activity.GroupDetailsActivity
ADDED from AndroidManifest.xml:353:9
	android:screenOrientation
		ADDED from AndroidManifest.xml:355:13
	android:name
		ADDED from AndroidManifest.xml:354:13
activity#com.easemob.chatuidemo.activity.ExitGroupDialog
ADDED from AndroidManifest.xml:358:9
	android:screenOrientation
		ADDED from AndroidManifest.xml:360:13
	android:theme
		ADDED from AndroidManifest.xml:361:13
	android:name
		ADDED from AndroidManifest.xml:359:13
activity#com.easemob.chatuidemo.activity.GroupPickContactsActivity
ADDED from AndroidManifest.xml:363:9
	android:screenOrientation
		ADDED from AndroidManifest.xml:365:13
	android:windowSoftInputMode
		ADDED from AndroidManifest.xml:366:13
	android:name
		ADDED from AndroidManifest.xml:364:13
activity#com.easemob.chatuidemo.activity.BaiduMapActivity
ADDED from AndroidManifest.xml:368:9
	android:screenOrientation
		ADDED from AndroidManifest.xml:370:13
	android:name
		ADDED from AndroidManifest.xml:369:13
activity#com.easemob.chatuidemo.activity.ContextMenu
ADDED from AndroidManifest.xml:372:9
	android:screenOrientation
		ADDED from AndroidManifest.xml:374:13
	android:theme
		ADDED from AndroidManifest.xml:375:13
	android:name
		ADDED from AndroidManifest.xml:373:13
activity#com.easemob.chatuidemo.activity.AlertDialog
ADDED from AndroidManifest.xml:377:9
	android:screenOrientation
		ADDED from AndroidManifest.xml:379:13
	android:theme
		ADDED from AndroidManifest.xml:380:13
	android:name
		ADDED from AndroidManifest.xml:378:13
activity#com.easemob.chatuidemo.activity.ShowBigImage
ADDED from AndroidManifest.xml:382:9
	android:screenOrientation
		ADDED from AndroidManifest.xml:384:13
	android:theme
		ADDED from AndroidManifest.xml:385:13
	android:name
		ADDED from AndroidManifest.xml:383:13
activity#com.easemob.chatuidemo.activity.ShowNormalFileActivity
ADDED from AndroidManifest.xml:387:9
	android:screenOrientation
		ADDED from AndroidManifest.xml:389:13
	android:theme
		ADDED from AndroidManifest.xml:390:13
	android:name
		ADDED from AndroidManifest.xml:388:13
activity#com.easemob.chatuidemo.activity.VoiceCallActivity
ADDED from AndroidManifest.xml:393:9
	android:screenOrientation
		ADDED from AndroidManifest.xml:395:13
	android:theme
		ADDED from AndroidManifest.xml:396:13
	android:name
		ADDED from AndroidManifest.xml:394:13
activity#com.easemob.chatuidemo.activity.VideoCallActivity
ADDED from AndroidManifest.xml:398:9
	android:screenOrientation
		ADDED from AndroidManifest.xml:401:13
	android:configChanges
		ADDED from AndroidManifest.xml:400:13
	android:theme
		ADDED from AndroidManifest.xml:402:13
	android:name
		ADDED from AndroidManifest.xml:399:13
activity#com.easemob.chatuidemo.activity.ShowVideoActivity
ADDED from AndroidManifest.xml:403:9
	android:screenOrientation
		ADDED from AndroidManifest.xml:405:13
	android:windowSoftInputMode
		ADDED from AndroidManifest.xml:407:13
	android:theme
		ADDED from AndroidManifest.xml:406:13
	android:name
		ADDED from AndroidManifest.xml:404:13
activity#com.easemob.chatuidemo.activity.ImageGridActivity
ADDED from AndroidManifest.xml:409:9
	android:screenOrientation
		ADDED from AndroidManifest.xml:411:13
	android:windowSoftInputMode
		ADDED from AndroidManifest.xml:413:13
	android:theme
		ADDED from AndroidManifest.xml:412:13
	android:name
		ADDED from AndroidManifest.xml:410:13
activity#com.easemob.chatuidemo.activity.RecorderVideoActivity
ADDED from AndroidManifest.xml:414:9
	android:screenOrientation
		ADDED from AndroidManifest.xml:416:13
	android:windowSoftInputMode
		ADDED from AndroidManifest.xml:417:13
	android:name
		ADDED from AndroidManifest.xml:415:13
receiver#com.easemob.chat.StartServiceReceiver
ADDED from AndroidManifest.xml:420:9
	android:name
		ADDED from AndroidManifest.xml:420:19
intent-filter#android.intent.action.BOOT_COMPLETED+android.intent.action.QUICKBOOT_POWERON+android.intent.category.LAUNCHER
ADDED from AndroidManifest.xml:421:13
	android:priority
		ADDED from AndroidManifest.xml:421:28
action#android.intent.action.BOOT_COMPLETED
ADDED from AndroidManifest.xml:422:17
	android:name
		ADDED from AndroidManifest.xml:422:25
action#android.intent.action.QUICKBOOT_POWERON
ADDED from AndroidManifest.xml:423:17
	android:name
		ADDED from AndroidManifest.xml:423:25
activity#com.mob.tools.MobUIShell
ADDED from AndroidManifest.xml:430:9
	android:screenOrientation
		ADDED from AndroidManifest.xml:433:13
	android:windowSoftInputMode
		ADDED from AndroidManifest.xml:435:13
	android:configChanges
		ADDED from AndroidManifest.xml:432:13
	android:theme
		ADDED from AndroidManifest.xml:434:13
	android:name
		ADDED from AndroidManifest.xml:431:13
intent-filter#android.intent.action.VIEW+android.intent.category.BROWSABLE+android.intent.category.DEFAULT
ADDED from AndroidManifest.xml:436:13
action#android.intent.action.VIEW
ADDED from AndroidManifest.xml:438:17
	android:name
		ADDED from AndroidManifest.xml:438:25
category#android.intent.category.BROWSABLE
ADDED from AndroidManifest.xml:440:17
	android:name
		ADDED from AndroidManifest.xml:440:27
activity#com.badou.mworking.wxapi.WXEntryActivity
ADDED from AndroidManifest.xml:444:9
	android:screenOrientation
		ADDED from AndroidManifest.xml:448:13
	android:exported
		ADDED from AndroidManifest.xml:447:13
	android:configChanges
		ADDED from AndroidManifest.xml:446:13
	android:theme